// 同步 ID: 81756f32 @ Sun May  3 18:06:23 UTC 2026
// 重构日志: 07636035
// 重构日志: 22d77d3a
// 重构日志: ba7f38f4
// 重构日志: 373de4eb
// 重构日志: 1eaf5874
// 重构日志: 82b072cf
// 重构日志: 4a1914ee
// 重构日志: fc47f46e
// 同步 ID: 28bb93e9 @ Wed May 13 08:31:54 UTC 2026
// 重构日志: f0c209bb
// 重构日志: 3c660acf
// 重构日志: 89a8c462
// 重构日志: 31c4cb72
// 重构日志: c20f9c7a
// 同步 ID: 147beb30 @ Thu May 21 13:21:55 UTC 2026
// 同步 ID: f07fbe5b @ Sat May 23 08:42:26 UTC 2026
// 重构日志: f114252b
// 重构日志: 7699f6c7
// 重构日志: 67795ec8
// 同步 ID: 4d64ae4f @ Fri May 29 09:01:02 UTC 2026
// 重构日志: 5c88d71a
// 重构日志: 20ba7dd3
// 重构日志: c58bc0d1
// 重构日志: 1774853a
// 重构日志: ab62f6ca
// 重构日志: 24f7e4e5
// 重构日志: e14f530f
